<?xml version="1.0" encoding="utf-8" standalone="no"?>
<!--This file represents the results of running a test suite-->
<test-results name="H:\usr\home\cs\smpop\v005a\redist\bin\smtpopunit.dll" total="54" failures="0" not-run="0" date="06/05/2006" time="19:48">
  <test-suite name="H:\usr\home\cs\smpop\v005a\redist\bin\smtpopunit.dll" success="True" time="394,46875" asserts="0">
    <results>
      <test-suite name="SmtPop" success="True" time="394,46875" asserts="0">
        <results>
          <test-suite name="Unit" success="True" time="394,46875" asserts="0">
            <results>
              <test-suite name="EmlFileTest" success="True" time="0,171875" asserts="0">
                <categories>
                  <category name="FastRunning" />
                </categories>
                <results>
                  <test-case name="SmtPop.Unit.EmlFileTest.FileTest" description="Test reading .eml files" executed="True" success="True" time="0.141" asserts="0" />
                  <test-case name="SmtPop.Unit.EmlFileTest.FileSubjectTest" description="Test reading subject in .eml files" executed="True" success="True" time="0.016" asserts="0" />
                  <test-case name="SmtPop.Unit.EmlFileTest.FileFromTest" description="Test reading from address in .eml files" executed="True" success="True" time="0.016" asserts="0" />
                  <test-case name="SmtPop.Unit.EmlFileTest.FileToTest" description="Test reading to address in .eml files" executed="True" success="True" time="0.000" asserts="0" />
                </results>
              </test-suite>
              <test-suite name="LongTest" success="True" time="353,125" asserts="0">
                <categories>
                  <category name="LongRunning" />
                </categories>
                <results>
                  <test-case name="SmtPop.Unit.LongTest.SendReceiveTest" description="Test sending and reading messages" executed="True" success="True" time="351.703" asserts="1200" />
                </results>
              </test-suite>
              <test-suite name="MailAddressTest" success="True" time="0,03125" asserts="0">
                <categories>
                  <category name="FastRunning" />
                </categories>
                <results>
                  <test-case name="SmtPop.Unit.MailAddressTest.SimpleTest" description="Simple test" executed="True" success="True" time="0.000" asserts="4" />
                  <test-case name="SmtPop.Unit.MailAddressTest.FullAddressTest" description="Check building full address" executed="True" success="True" time="0.000" asserts="1" />
                  <test-case name="SmtPop.Unit.MailAddressTest.TestMimeWord" description="Test MimeWord encoding in address" executed="True" success="True" time="0.000" asserts="8" />
                  <test-case name="SmtPop.Unit.MailAddressTest.TestBadSource" description="Test malformed mailbox" executed="True" success="True" time="0.031" asserts="0" />
                  <test-case name="SmtPop.Unit.MailAddressTest.TestBadDomain" description="Test malformed mailbox" executed="True" success="True" time="0.000" asserts="0" />
                  <test-case name="SmtPop.Unit.MailAddressTest.TestBadMailbox" description="Test malformed mailbox" executed="True" success="True" time="0.000" asserts="0" />
                </results>
              </test-suite>
              <test-suite name="MessageBuilderTest" success="True" time="0,453125" asserts="0">
                <categories>
                  <category name="FastRunning" />
                </categories>
                <results>
                  <test-case name="SmtPop.Unit.MessageBuilderTest.MessageBuilderText" description="Build a Text message" executed="True" success="True" time="0.000" asserts="8" />
                  <test-case name="SmtPop.Unit.MessageBuilderTest.MessageBuilderTextPng" description="Test building a mail with png attachment" executed="True" success="True" time="0.328" asserts="11" />
                  <test-case name="SmtPop.Unit.MessageBuilderTest.MessageBuilderTextBinary" description="Test building a mail with png attachment" executed="True" success="True" time="0.000" asserts="11" />
                  <test-case name="SmtPop.Unit.MessageBuilderTest.MessageBuilderImageType" description="Test building a mail with png attachment" executed="True" success="True" time="0.078" asserts="10" />
                  <test-case name="SmtPop.Unit.MessageBuilderTest.MessageBuilderSerialized" description="Test building a mail with serialized object" executed="True" success="True" time="0.047" asserts="5" />
                  <test-case name="SmtPop.Unit.MessageBuilderTest.MessageBuilderSerializedArray" description="Test building a mail with serialized objects" executed="True" success="True" time="0.000" asserts="33" />
                </results>
              </test-suite>
              <test-suite name="MimeDecoderTest" success="True" time="0" asserts="0">
                <categories>
                  <category name="FastRunning" />
                </categories>
                <results>
                  <test-case name="SmtPop.Unit.MimeDecoderTest.WordDecodingTestQPIso88591" description="Test word decoding quoted printable iso8859-1" executed="True" success="True" time="0.000" asserts="9" />
                  <test-case name="SmtPop.Unit.MimeDecoderTest.WordDecodingTestQPUTF8" description="Test word decoding quoted printable utf8" executed="True" success="True" time="0.000" asserts="9" />
                </results>
              </test-suite>
              <test-suite name="MimeEncoderTest" success="True" time="0,046875" asserts="0">
                <categories>
                  <category name="FastRunning" />
                </categories>
                <results>
                  <test-case name="SmtPop.Unit.MimeEncoderTest.WordEncodingBase64CrLf" description="Test word encoding crlf in base64" executed="True" success="True" time="0.000" asserts="5" />
                  <test-case name="SmtPop.Unit.MimeEncoderTest.WordEncodingUtf8TestBase64" description="Test word encoding " executed="True" success="True" time="0.000" asserts="4" />
                  <test-case name="SmtPop.Unit.MimeEncoderTest.Base64MaxLengthTest" description="Test encoding base 64 with line length" executed="True" success="True" time="0.016" asserts="2442" />
                  <test-case name="SmtPop.Unit.MimeEncoderTest.MimeWordMaxLengthTest" description="Test encoding base 64 with line length" executed="True" success="True" time="0.031" asserts="9825" />
                </results>
              </test-suite>
              <test-suite name="MimeMessageBuild" success="True" time="0,0625" asserts="0">
                <categories>
                  <category name="FastRunning" />
                </categories>
                <results>
                  <test-case name="SmtPop.Unit.MimeMessageBuild.BuildSimple" description="Build a simple Mime Message" executed="True" success="True" time="0.000" asserts="7" />
                  <test-case name="SmtPop.Unit.MimeMessageBuild.BuildAndRead" description="Build and read simple Mime Message" executed="True" success="True" time="0.016" asserts="16" />
                  <test-case name="SmtPop.Unit.MimeMessageBuild.BuildAndReadMultiFrom" description="Build and read Mime Message with multi From address" executed="True" success="True" time="0.000" asserts="21" />
                  <test-case name="SmtPop.Unit.MimeMessageBuild.BuildAndReadMultiFrombadsender" description="Build and read simple Mime Message bad sender" executed="True" success="True" time="0.000" asserts="21" />
                  <test-case name="SmtPop.Unit.MimeMessageBuild.BuildAndReadAttachment7Bits" description="Build and read Mime Message with attachment in 7bits" executed="True" success="True" time="0.000" asserts="22" />
                  <test-case name="SmtPop.Unit.MimeMessageBuild.BuildAndReadAttachmentBase64" description="Build and read Mime Message with attachment in base64" executed="True" success="True" time="0.016" asserts="22" />
                  <test-case name="SmtPop.Unit.MimeMessageBuild.BuildAndReadAttachmentBase647Bit" description="Build and read Mime Message with attachments in base64 and 7bit" executed="True" success="True" time="0.000" asserts="22" />
                  <test-case name="SmtPop.Unit.MimeMessageBuild.TestLineLengthBase64" description="Test attachment line length in base64" executed="True" success="True" time="0.000" asserts="19" />
                  <test-case name="SmtPop.Unit.MimeMessageBuild.TestSimpleDirectAttachment" description="Send a simple mail with direct attachment" executed="True" success="True" time="0.016" asserts="2" />
                  <test-case name="SmtPop.Unit.MimeMessageBuild.TestMimeMessageStream" description="Test getting a stream from a mail attachment" executed="True" success="True" time="0.016" asserts="4097" />
                  <test-case name="SmtPop.Unit.MimeMessageBuild.TestMimeMessageBytes" description="Test reading bytes from a mail attachment" executed="True" success="True" time="0.000" asserts="4098" />
                  <test-case name="SmtPop.Unit.MimeMessageBuild.TestMimeMessageBytesException" description="Test exception when reading bytes from a non base64 mail attachment" executed="True" success="True" time="0.000" asserts="1" />
                  <test-case name="SmtPop.Unit.MimeMessageBuild.TestMimeMessageStreamException" description="Test exception when getting a stream from a non base64 mail attachment" executed="True" success="True" time="0.000" asserts="0" />
                </results>
              </test-suite>
              <test-suite name="POPMailTest" success="True" time="39,953125" asserts="0">
                <categories>
                  <category name="LongRunning" />
                </categories>
                <results>
                  <test-case name="SmtPop.Unit.POPMailTest.ConnectTest" description="Connection test" executed="True" success="True" time="0.078" asserts="0" />
                  <test-case name="SmtPop.Unit.POPMailTest.StatTest" description="Stat test" executed="True" success="True" time="0.078" asserts="0" />
                  <test-case name="SmtPop.Unit.POPMailTest.ListTest" description="ListTest" executed="True" success="True" time="5.547" asserts="1" />
                  <test-case name="SmtPop.Unit.POPMailTest.ListTestBig" description="ListTestBig" executed="True" success="True" time="10.625" asserts="1" />
                  <test-case name="SmtPop.Unit.POPMailTest.ReadTest" description="ReadTest" executed="True" success="True" time="6.609" asserts="1" />
                  <test-case name="SmtPop.Unit.POPMailTest.ReadTestBig" description="ReadTestBig" executed="True" success="True" time="16.719" asserts="1" />
                </results>
              </test-suite>
              <test-suite name="QPEncoderTest" success="True" time="0" asserts="0">
                <categories>
                  <category name="FastRunning" />
                </categories>
                <results>
                  <test-case name="SmtPop.Unit.QPEncoderTest.QPEncoderTestIsAscii_1" description="Test IsAscii () (expected true)" executed="True" success="True" time="0.000" asserts="1" />
                  <test-case name="SmtPop.Unit.QPEncoderTest.QPEncoderTestIsAscii_2" description="Test IsAscii () (expected false)" executed="True" success="True" time="0.000" asserts="2" />
                  <test-case name="SmtPop.Unit.QPEncoderTest.QPEncoderTestEncodeDecode" description="Test Encode + Decode" executed="True" success="True" time="0.000" asserts="4" />
                  <test-case name="SmtPop.Unit.QPEncoderTest.QPEncoderTestEncode" description="Test accents" executed="True" success="True" time="0.000" asserts="2" />
                  <test-case name="SmtPop.Unit.QPEncoderTest.QPEncoderTestAccent1" description="accent test1" executed="True" success="True" time="0.000" asserts="1" />
                  <test-case name="SmtPop.Unit.QPEncoderTest.QPEncoderTestAccent2" description="accent test2" executed="True" success="True" time="0.000" asserts="1" />
                  <test-case name="SmtPop.Unit.QPEncoderTest.QPEncoderTestSpace" description="Space test" executed="True" success="True" time="0.000" asserts="1" />
                  <test-case name="SmtPop.Unit.QPEncoderTest.QPEncoderTestEuro" description="euro test" executed="True" success="True" time="0.000" asserts="2" />
                </results>
              </test-suite>
              <test-suite name="SendMailTest" success="True" time="0,625" asserts="0">
                <categories>
                  <category name="LongRunning" />
                </categories>
                <results>
                  <test-case name="SmtPop.Unit.SendMailTest.SendSimpleMailTest" description="Send a simple mail" executed="True" success="True" time="0.109" asserts="0" />
                  <test-case name="SmtPop.Unit.SendMailTest.SendSimpleMailCRLFTest" description="Send a simple mail with cr/lf.cr/lf" executed="True" success="True" time="0.188" asserts="0" />
                  <test-case name="SmtPop.Unit.SendMailTest.SendSimpleMailTestHtml" description="Send a simple mail with html" executed="True" success="True" time="0.141" asserts="0" />
                  <test-case name="SmtPop.Unit.SendMailTest.SendSimpleMailTestHtmlBmp" description="Send a simple mail with html and bmp" executed="True" success="True" time="0.188" asserts="0" />
                </results>
              </test-suite>
            </results>
          </test-suite>
        </results>
      </test-suite>
    </results>
  </test-suite>
</test-results>